This is pdfTeX, Version 3.141592653-2.6-1.40.22 (MiKTeX 21.6) (preloaded format=pdflatex 2021.6.9)  12 JUN 2021 18:42
entering extended mode
**"g:/A A KULIAH/Semester 6/Jaringan Komputer Lanjutan/tugasLanjutan/Tugas 6/Tugas 6.tex"
(g:/A A KULIAH/Semester 6/Jaringan Komputer Lanjutan/tugasLanjutan/Tugas 6/Tugas 6.tex
LaTeX2e <2021-06-01>
L3 programming layer <2021-06-01> (IEEEtran.cls
Document Class: IEEEtran 2015/08/26 V1.8b by Michael Shell
-- See the "IEEEtran_HOWTO" manual for usage information.
-- http://www.michaelshell.org/tex/ieeetran/
\@IEEEtrantmpdimenA=\dimen138
\@IEEEtrantmpdimenB=\dimen139
\@IEEEtrantmpdimenC=\dimen140
\@IEEEtrantmpcountA=\count182
\@IEEEtrantmpcountB=\count183
\@IEEEtrantmpcountC=\count184
\@IEEEtrantmptoksA=\toks16
LaTeX Font Info:    Trying to load font information for OT1+ptm on input line 503.
(C:\Program Files\MiKTeX\tex/latex/psnfss\ot1ptm.fd
File: ot1ptm.fd 2001/06/04 font definitions for OT1/ptm.
)
-- Using 8.5in x 11in (letter) paper.
-- Using PDF output.
\@IEEEnormalsizeunitybaselineskip=\dimen141
-- This is a 10 point document.
\CLASSINFOnormalsizebaselineskip=\dimen142
\CLASSINFOnormalsizeunitybaselineskip=\dimen143
\IEEEnormaljot=\dimen144
LaTeX Font Info:    Font shape `OT1/ptm/bx/n' in size <5> not available
(Font)              Font shape `OT1/ptm/b/n' tried instead on input line 1090.
LaTeX Font Info:    Font shape `OT1/ptm/bx/it' in size <5> not available
(Font)              Font shape `OT1/ptm/b/it' tried instead on input line 1090.
LaTeX Font Info:    Font shape `OT1/ptm/bx/n' in size <7> not available
(Font)              Font shape `OT1/ptm/b/n' tried instead on input line 1090.
LaTeX Font Info:    Font shape `OT1/ptm/bx/it' in size <7> not available
(Font)              Font shape `OT1/ptm/b/it' tried instead on input line 1090.
LaTeX Font Info:    Font shape `OT1/ptm/bx/n' in size <8> not available
(Font)              Font shape `OT1/ptm/b/n' tried instead on input line 1090.
LaTeX Font Info:    Font shape `OT1/ptm/bx/it' in size <8> not available
(Font)              Font shape `OT1/ptm/b/it' tried instead on input line 1090.
LaTeX Font Info:    Font shape `OT1/ptm/bx/n' in size <9> not available
(Font)              Font shape `OT1/ptm/b/n' tried instead on input line 1090.
LaTeX Font Info:    Font shape `OT1/ptm/bx/it' in size <9> not available
(Font)              Font shape `OT1/ptm/b/it' tried instead on input line 1090.
LaTeX Font Info:    Font shape `OT1/ptm/bx/n' in size <10> not available
(Font)              Font shape `OT1/ptm/b/n' tried instead on input line 1090.
LaTeX Font Info:    Font shape `OT1/ptm/bx/it' in size <10> not available
(Font)              Font shape `OT1/ptm/b/it' tried instead on input line 1090.
LaTeX Font Info:    Font shape `OT1/ptm/bx/n' in size <11> not available
(Font)              Font shape `OT1/ptm/b/n' tried instead on input line 1090.
LaTeX Font Info:    Font shape `OT1/ptm/bx/it' in size <11> not available
(Font)              Font shape `OT1/ptm/b/it' tried instead on input line 1090.
LaTeX Font Info:    Font shape `OT1/ptm/bx/n' in size <12> not available
(Font)              Font shape `OT1/ptm/b/n' tried instead on input line 1090.
LaTeX Font Info:    Font shape `OT1/ptm/bx/it' in size <12> not available
(Font)              Font shape `OT1/ptm/b/it' tried instead on input line 1090.
LaTeX Font Info:    Font shape `OT1/ptm/bx/n' in size <17> not available
(Font)              Font shape `OT1/ptm/b/n' tried instead on input line 1090.
LaTeX Font Info:    Font shape `OT1/ptm/bx/it' in size <17> not available
(Font)              Font shape `OT1/ptm/b/it' tried instead on input line 1090.
LaTeX Font Info:    Font shape `OT1/ptm/bx/n' in size <20> not available
(Font)              Font shape `OT1/ptm/b/n' tried instead on input line 1090.
LaTeX Font Info:    Font shape `OT1/ptm/bx/it' in size <20> not available
(Font)              Font shape `OT1/ptm/b/it' tried instead on input line 1090.
LaTeX Font Info:    Font shape `OT1/ptm/bx/n' in size <24> not available
(Font)              Font shape `OT1/ptm/b/n' tried instead on input line 1090.
LaTeX Font Info:    Font shape `OT1/ptm/bx/it' in size <24> not available
(Font)              Font shape `OT1/ptm/b/it' tried instead on input line 1090.
\IEEEquantizedlength=\dimen145
\IEEEquantizedlengthdiff=\dimen146
\IEEEquantizedtextheightdiff=\dimen147
\IEEEilabelindentA=\dimen148
\IEEEilabelindentB=\dimen149
\IEEEilabelindent=\dimen150
\IEEEelabelindent=\dimen151
\IEEEdlabelindent=\dimen152
\IEEElabelindent=\dimen153
\IEEEiednormlabelsep=\dimen154
\IEEEiedmathlabelsep=\dimen155
\IEEEiedtopsep=\skip47
\c@section=\count185
\c@subsection=\count186
\c@subsubsection=\count187
\c@paragraph=\count188
\c@IEEEsubequation=\count189
\abovecaptionskip=\skip48
\belowcaptionskip=\skip49
\c@figure=\count190
\c@table=\count191
\@IEEEeqnnumcols=\count192
\@IEEEeqncolcnt=\count193
\@IEEEsubeqnnumrollback=\count194
\@IEEEquantizeheightA=\dimen156
\@IEEEquantizeheightB=\dimen157
\@IEEEquantizeheightC=\dimen158
\@IEEEquantizeprevdepth=\dimen159
\@IEEEquantizemultiple=\count195
\@IEEEquantizeboxA=\box50
\@IEEEtmpitemindent=\dimen160
\IEEEPARstartletwidth=\dimen161
\c@IEEEbiography=\count196
\@IEEEtranrubishbin=\box51
)
** ATTENTION: Overriding command lockouts (line 2).
(C:\Program Files\MiKTeX\tex/latex/cite\cite.sty
LaTeX Info: Redefining \cite on input line 302.
LaTeX Info: Redefining \nocite on input line 332.
Package: cite 2015/02/27  v 5.5
) (C:\Program Files\MiKTeX\tex/latex/amsmath\amsmath.sty
Package: amsmath 2021/04/20 v2.17j AMS math features
\@mathmargin=\skip50

For additional information on amsmath, use the `?' option.
(C:\Program Files\MiKTeX\tex/latex/amsmath\amstext.sty
Package: amstext 2000/06/29 v2.01 AMS text
 (C:\Program Files\MiKTeX\tex/latex/amsmath\amsgen.sty
File: amsgen.sty 1999/11/30 v2.0 generic functions
\@emptytoks=\toks17
\ex@=\dimen162
)) (C:\Program Files\MiKTeX\tex/latex/amsmath\amsbsy.sty
Package: amsbsy 1999/11/29 v1.2d Bold Symbols
\pmbraise@=\dimen163
) (C:\Program Files\MiKTeX\tex/latex/amsmath\amsopn.sty
Package: amsopn 2016/03/08 v2.02 operator names
)
\inf@bad=\count197
LaTeX Info: Redefining \frac on input line 234.
\uproot@=\count198
\leftroot@=\count199
LaTeX Info: Redefining \overline on input line 399.
\classnum@=\count266
\DOTSCASE@=\count267
LaTeX Info: Redefining \ldots on input line 496.
LaTeX Info: Redefining \dots on input line 499.
LaTeX Info: Redefining \cdots on input line 620.
\Mathstrutbox@=\box52
\strutbox@=\box53
\big@size=\dimen164
LaTeX Font Info:    Redeclaring font encoding OML on input line 743.
LaTeX Font Info:    Redeclaring font encoding OMS on input line 744.
\macc@depth=\count268
\c@MaxMatrixCols=\count269
\dotsspace@=\muskip16
\c@parentequation=\count270
\dspbrk@lvl=\count271
\tag@help=\toks18
\row@=\count272
\column@=\count273
\maxfields@=\count274
\andhelp@=\toks19
\eqnshift@=\dimen165
\alignsep@=\dimen166
\tagshift@=\dimen167
\tagwidth@=\dimen168
\totwidth@=\dimen169
\lineht@=\dimen170
\@envbody=\toks20
\multlinegap=\skip51
\multlinetaggap=\skip52
\mathdisplay@stack=\toks21
LaTeX Info: Redefining \[ on input line 2923.
LaTeX Info: Redefining \] on input line 2924.
) (C:\Program Files\MiKTeX\tex/latex/amsfonts\amssymb.sty
Package: amssymb 2013/01/14 v3.01 AMS font symbols
 (C:\Program Files\MiKTeX\tex/latex/amsfonts\amsfonts.sty
Package: amsfonts 2013/01/14 v3.01 Basic AMSFonts support
\symAMSa=\mathgroup4
\symAMSb=\mathgroup5
LaTeX Font Info:    Redeclaring math symbol \hbar on input line 98.
LaTeX Font Info:    Overwriting math alphabet `\mathfrak' in version `bold'
(Font)                  U/euf/m/n --> U/euf/b/n on input line 106.
)) (C:\Program Files\MiKTeX\tex/latex/algorithms\algorithmic.sty
Package: algorithmic 2009/08/24 v0.1 Document Style `algorithmic'
 (C:\Program Files\MiKTeX\tex/latex/base\ifthen.sty
Package: ifthen 2020/11/24 v1.1c Standard LaTeX ifthen package (DPC)
) (C:\Program Files\MiKTeX\tex/latex/graphics\keyval.sty
Package: keyval 2014/10/28 v1.15 key=value parser (DPC)
\KV@toks@=\toks22
)
\c@ALC@unique=\count275
\c@ALC@line=\count276
\c@ALC@rem=\count277
\c@ALC@depth=\count278
\ALC@tlm=\skip53
\algorithmicindent=\skip54
) (C:\Program Files\MiKTeX\tex/latex/graphics\graphicx.sty
Package: graphicx 2020/12/05 v1.2c Enhanced LaTeX Graphics (DPC,SPQR)
 (C:\Program Files\MiKTeX\tex/latex/graphics\graphics.sty
Package: graphics 2021/03/04 v1.4d Standard LaTeX Graphics (DPC,SPQR)
 (C:\Program Files\MiKTeX\tex/latex/graphics\trig.sty
Package: trig 2016/01/03 v1.10 sin cos tan (DPC)
) (C:\Program Files\MiKTeX\tex/latex/graphics-cfg\graphics.cfg
File: graphics.cfg 2016/06/04 v1.11 sample graphics configuration
)
Package graphics Info: Driver file: pdftex.def on input line 107.
 (C:\Program Files\MiKTeX\tex/latex/graphics-def\pdftex.def
File: pdftex.def 2020/10/05 v1.2a Graphics/color driver for pdftex
))
\Gin@req@height=\dimen171
\Gin@req@width=\dimen172
) (C:\Program Files\MiKTeX\tex/latex/base\textcomp.sty
Package: textcomp 2020/02/02 v2.0n Standard LaTeX package
) (C:\Program Files\MiKTeX\tex/latex/xcolor\xcolor.sty
Package: xcolor 2016/05/11 v2.12 LaTeX color extensions (UK)
 (C:\Program Files\MiKTeX\tex/latex/graphics-cfg\color.cfg
File: color.cfg 2016/01/02 v1.6 sample color configuration
)
Package xcolor Info: Driver file: pdftex.def on input line 225.
Package xcolor Info: Model `cmy' substituted by `cmy0' on input line 1348.
Package xcolor Info: Model `hsb' substituted by `rgb' on input line 1352.
Package xcolor Info: Model `RGB' extended on input line 1364.
Package xcolor Info: Model `HTML' substituted by `rgb' on input line 1366.
Package xcolor Info: Model `Hsb' substituted by `hsb' on input line 1367.
Package xcolor Info: Model `tHsb' substituted by `hsb' on input line 1368.
Package xcolor Info: Model `HSB' substituted by `hsb' on input line 1369.
Package xcolor Info: Model `Gray' substituted by `gray' on input line 1370.
Package xcolor Info: Model `wave' substituted by `hsb' on input line 1371.
) (C:\Program Files\MiKTeX\tex/latex/caption\caption.sty
Package: caption 2020/10/26 v3.5g Customizing captions (AR)
 (C:\Program Files\MiKTeX\tex/latex/caption\caption3.sty
Package: caption3 2020/10/21 v2.2e caption3 kernel (AR)
\captionmargin=\dimen173
\captionmargin@=\dimen174
\captionwidth=\dimen175
\caption@tempdima=\dimen176
\caption@indent=\dimen177
\caption@parindent=\dimen178
\caption@hangindent=\dimen179
Package caption Info: Unknown document class (or package),
(caption)             standard defaults will be used.
Package caption Info: \@makecaption = \long macro:#1#2->\ifx \@captype \@IEEEtablestring \footnotesize \bgroup \par \centering \@IEEEtabletopskipstrut {\normalfont \footnotesize #1}\\{\normalfont \footnotesize \scshape #2}\par \addvspace {0.5\baselineskip }\egroup \@IEEEtablecaptionsepspace \else \@IEEEfigurecaptionsepspace \setbox \@tempboxa \hbox {\normalfont \footnotesize {#1.}\nobreakspace \nobreakspace #2}\ifdim \wd \@tempboxa >\hsize \setbox \@tempboxa \hbox {\normalfont \footnotesize {#1.}\nobreakspace \nobreakspace }\parbox [t]{\hsize }{\normalfont \footnotesize \noindent \unhbox \@tempboxa #2}\else \ifCLASSOPTIONconference \hbox to\hsize {\normalfont \footnotesize \hfil \box \@tempboxa \hfil }\else \hbox to\hsize {\normalfont \footnotesize \box \@tempboxa \hfil }\fi \fi \fi  on input line 1139.
)

Package caption Warning: Unknown document class (or package),
(caption)                standard defaults will be used.
See the caption package documentation for explanation.

\c@caption@flags=\count279
\c@continuedfloat=\count280
) (C:\Program Files\MiKTeX\tex/latex/pgf/basiclayer\pgf.sty (C:\Program Files\MiKTeX\tex/latex/pgf/utilities\pgfrcs.sty (C:\Program Files\MiKTeX\tex/generic/pgf/utilities\pgfutil-common.tex
\pgfutil@everybye=\toks23
\pgfutil@tempdima=\dimen180
\pgfutil@tempdimb=\dimen181
 (C:\Program Files\MiKTeX\tex/generic/pgf/utilities\pgfutil-common-lists.tex)) (C:\Program Files\MiKTeX\tex/generic/pgf/utilities\pgfutil-latex.def
\pgfutil@abb=\box54
) (C:\Program Files\MiKTeX\tex/generic/pgf/utilities\pgfrcs.code.tex (C:\Program Files\MiKTeX\tex/generic/pgf\pgf.revision.tex)
Package: pgfrcs 2021/05/15 v3.1.9a (3.1.9a)
))
Package: pgf 2021/05/15 v3.1.9a (3.1.9a)
 (C:\Program Files\MiKTeX\tex/latex/pgf/basiclayer\pgfcore.sty (C:\Program Files\MiKTeX\tex/latex/pgf/systemlayer\pgfsys.sty (C:\Program Files\MiKTeX\tex/generic/pgf/systemlayer\pgfsys.code.tex
Package: pgfsys 2021/05/15 v3.1.9a (3.1.9a)
 (C:\Program Files\MiKTeX\tex/generic/pgf/utilities\pgfkeys.code.tex
\pgfkeys@pathtoks=\toks24
\pgfkeys@temptoks=\toks25
 (C:\Program Files\MiKTeX\tex/generic/pgf/utilities\pgfkeysfiltered.code.tex
\pgfkeys@tmptoks=\toks26
))
\pgf@x=\dimen182
\pgf@y=\dimen183
\pgf@xa=\dimen184
\pgf@ya=\dimen185
\pgf@xb=\dimen186
\pgf@yb=\dimen187
\pgf@xc=\dimen188
\pgf@yc=\dimen189
\pgf@xd=\dimen190
\pgf@yd=\dimen191
\w@pgf@writea=\write3
\r@pgf@reada=\read2
\c@pgf@counta=\count281
\c@pgf@countb=\count282
\c@pgf@countc=\count283
\c@pgf@countd=\count284
\t@pgf@toka=\toks27
\t@pgf@tokb=\toks28
\t@pgf@tokc=\toks29
\pgf@sys@id@count=\count285
 (C:\Program Files\MiKTeX\tex/generic/pgf/systemlayer\pgf.cfg
File: pgf.cfg 2021/05/15 v3.1.9a (3.1.9a)
)
Driver file for pgf: pgfsys-pdftex.def
 (C:\Program Files\MiKTeX\tex/generic/pgf/systemlayer\pgfsys-pdftex.def
File: pgfsys-pdftex.def 2021/05/15 v3.1.9a (3.1.9a)
 (C:\Program Files\MiKTeX\tex/generic/pgf/systemlayer\pgfsys-common-pdf.def
File: pgfsys-common-pdf.def 2021/05/15 v3.1.9a (3.1.9a)
))) (C:\Program Files\MiKTeX\tex/generic/pgf/systemlayer\pgfsyssoftpath.code.tex
File: pgfsyssoftpath.code.tex 2021/05/15 v3.1.9a (3.1.9a)
\pgfsyssoftpath@smallbuffer@items=\count286
\pgfsyssoftpath@bigbuffer@items=\count287
) (C:\Program Files\MiKTeX\tex/generic/pgf/systemlayer\pgfsysprotocol.code.tex
File: pgfsysprotocol.code.tex 2021/05/15 v3.1.9a (3.1.9a)
)) (C:\Program Files\MiKTeX\tex/generic/pgf/basiclayer\pgfcore.code.tex
Package: pgfcore 2021/05/15 v3.1.9a (3.1.9a)
 (C:\Program Files\MiKTeX\tex/generic/pgf/math\pgfmath.code.tex (C:\Program Files\MiKTeX\tex/generic/pgf/math\pgfmathcalc.code.tex (C:\Program Files\MiKTeX\tex/generic/pgf/math\pgfmathutil.code.tex) (C:\Program Files\MiKTeX\tex/generic/pgf/math\pgfmathparser.code.tex
\pgfmath@dimen=\dimen192
\pgfmath@count=\count288
\pgfmath@box=\box55
\pgfmath@toks=\toks30
\pgfmath@stack@operand=\toks31
\pgfmath@stack@operation=\toks32
) (C:\Program Files\MiKTeX\tex/generic/pgf/math\pgfmathfunctions.code.tex (C:\Program Files\MiKTeX\tex/generic/pgf/math\pgfmathfunctions.basic.code.tex) (C:\Program Files\MiKTeX\tex/generic/pgf/math\pgfmathfunctions.trigonometric.code.tex) (C:\Program Files\MiKTeX\tex/generic/pgf/math\pgfmathfunctions.random.code.tex) (C:\Program Files\MiKTeX\tex/generic/pgf/math\pgfmathfunctions.comparison.code.tex) (C:\Program Files\MiKTeX\tex/generic/pgf/math\pgfmathfunctions.base.code.tex) (C:\Program Files\MiKTeX\tex/generic/pgf/math\pgfmathfunctions.round.code.tex) (C:\Program Files\MiKTeX\tex/generic/pgf/math\pgfmathfunctions.misc.code.tex) (C:\Program Files\MiKTeX\tex/generic/pgf/math\pgfmathfunctions.integerarithmetics.code.tex))) (C:\Program Files\MiKTeX\tex/generic/pgf/math\pgfmathfloat.code.tex
\c@pgfmathroundto@lastzeros=\count289
)) (C:\Program Files\MiKTeX\tex/generic/pgf/math\pgfint.code.tex) (C:\Program Files\MiKTeX\tex/generic/pgf/basiclayer\pgfcorepoints.code.tex
File: pgfcorepoints.code.tex 2021/05/15 v3.1.9a (3.1.9a)
\pgf@picminx=\dimen193
\pgf@picmaxx=\dimen194
\pgf@picminy=\dimen195
\pgf@picmaxy=\dimen196
\pgf@pathminx=\dimen197
\pgf@pathmaxx=\dimen198
\pgf@pathminy=\dimen199
\pgf@pathmaxy=\dimen256
\pgf@xx=\dimen257
\pgf@xy=\dimen258
\pgf@yx=\dimen259
\pgf@yy=\dimen260
\pgf@zx=\dimen261
\pgf@zy=\dimen262
) (C:\Program Files\MiKTeX\tex/generic/pgf/basiclayer\pgfcorepathconstruct.code.tex
File: pgfcorepathconstruct.code.tex 2021/05/15 v3.1.9a (3.1.9a)
\pgf@path@lastx=\dimen263
\pgf@path@lasty=\dimen264
) (C:\Program Files\MiKTeX\tex/generic/pgf/basiclayer\pgfcorepathusage.code.tex
File: pgfcorepathusage.code.tex 2021/05/15 v3.1.9a (3.1.9a)
\pgf@shorten@end@additional=\dimen265
\pgf@shorten@start@additional=\dimen266
) (C:\Program Files\MiKTeX\tex/generic/pgf/basiclayer\pgfcorescopes.code.tex
File: pgfcorescopes.code.tex 2021/05/15 v3.1.9a (3.1.9a)
\pgfpic=\box56
\pgf@hbox=\box57
\pgf@layerbox@main=\box58
\pgf@picture@serial@count=\count290
) (C:\Program Files\MiKTeX\tex/generic/pgf/basiclayer\pgfcoregraphicstate.code.tex
File: pgfcoregraphicstate.code.tex 2021/05/15 v3.1.9a (3.1.9a)
\pgflinewidth=\dimen267
) (C:\Program Files\MiKTeX\tex/generic/pgf/basiclayer\pgfcoretransformations.code.tex
File: pgfcoretransformations.code.tex 2021/05/15 v3.1.9a (3.1.9a)
\pgf@pt@x=\dimen268
\pgf@pt@y=\dimen269
\pgf@pt@temp=\dimen270
) (C:\Program Files\MiKTeX\tex/generic/pgf/basiclayer\pgfcorequick.code.tex
File: pgfcorequick.code.tex 2021/05/15 v3.1.9a (3.1.9a)
) (C:\Program Files\MiKTeX\tex/generic/pgf/basiclayer\pgfcoreobjects.code.tex
File: pgfcoreobjects.code.tex 2021/05/15 v3.1.9a (3.1.9a)
) (C:\Program Files\MiKTeX\tex/generic/pgf/basiclayer\pgfcorepathprocessing.code.tex
File: pgfcorepathprocessing.code.tex 2021/05/15 v3.1.9a (3.1.9a)
) (C:\Program Files\MiKTeX\tex/generic/pgf/basiclayer\pgfcorearrows.code.tex
File: pgfcorearrows.code.tex 2021/05/15 v3.1.9a (3.1.9a)
\pgfarrowsep=\dimen271
) (C:\Program Files\MiKTeX\tex/generic/pgf/basiclayer\pgfcoreshade.code.tex
File: pgfcoreshade.code.tex 2021/05/15 v3.1.9a (3.1.9a)
\pgf@max=\dimen272
\pgf@sys@shading@range@num=\count291
\pgf@shadingcount=\count292
) (C:\Program Files\MiKTeX\tex/generic/pgf/basiclayer\pgfcoreimage.code.tex
File: pgfcoreimage.code.tex 2021/05/15 v3.1.9a (3.1.9a)
 (C:\Program Files\MiKTeX\tex/generic/pgf/basiclayer\pgfcoreexternal.code.tex
File: pgfcoreexternal.code.tex 2021/05/15 v3.1.9a (3.1.9a)
\pgfexternal@startupbox=\box59
)) (C:\Program Files\MiKTeX\tex/generic/pgf/basiclayer\pgfcorelayers.code.tex
File: pgfcorelayers.code.tex 2021/05/15 v3.1.9a (3.1.9a)
) (C:\Program Files\MiKTeX\tex/generic/pgf/basiclayer\pgfcoretransparency.code.tex
File: pgfcoretransparency.code.tex 2021/05/15 v3.1.9a (3.1.9a)
) (C:\Program Files\MiKTeX\tex/generic/pgf/basiclayer\pgfcorepatterns.code.tex
File: pgfcorepatterns.code.tex 2021/05/15 v3.1.9a (3.1.9a)
) (C:\Program Files\MiKTeX\tex/generic/pgf/basiclayer\pgfcorerdf.code.tex
File: pgfcorerdf.code.tex 2021/05/15 v3.1.9a (3.1.9a)
))) (C:\Program Files\MiKTeX\tex/generic/pgf/modules\pgfmoduleshapes.code.tex
File: pgfmoduleshapes.code.tex 2021/05/15 v3.1.9a (3.1.9a)
\pgfnodeparttextbox=\box60
) (C:\Program Files\MiKTeX\tex/generic/pgf/modules\pgfmoduleplot.code.tex
File: pgfmoduleplot.code.tex 2021/05/15 v3.1.9a (3.1.9a)
) (C:\Program Files\MiKTeX\tex/latex/pgf/compatibility\pgfcomp-version-0-65.sty
Package: pgfcomp-version-0-65 2021/05/15 v3.1.9a (3.1.9a)
\pgf@nodesepstart=\dimen273
\pgf@nodesepend=\dimen274
) (C:\Program Files\MiKTeX\tex/latex/pgf/compatibility\pgfcomp-version-1-18.sty
Package: pgfcomp-version-1-18 2021/05/15 v3.1.9a (3.1.9a)
)) (C:\Program Files\MiKTeX\tex/latex/l3backend\l3backend-pdftex.def
File: l3backend-pdftex.def 2021-05-07 L3 backend support: PDF output (pdfTeX)
\l__color_backend_stack_int=\count293
\l__pdf_internal_box=\box61
) (Tugas 6.aux)
\openout1 = `"Tugas 6.aux"'.

LaTeX Font Info:    Checking defaults for OML/cmm/m/it on input line 19.
LaTeX Font Info:    ... okay on input line 19.
LaTeX Font Info:    Checking defaults for OMS/cmsy/m/n on input line 19.
LaTeX Font Info:    ... okay on input line 19.
LaTeX Font Info:    Checking defaults for OT1/cmr/m/n on input line 19.
LaTeX Font Info:    ... okay on input line 19.
LaTeX Font Info:    Checking defaults for T1/cmr/m/n on input line 19.
LaTeX Font Info:    ... okay on input line 19.
LaTeX Font Info:    Checking defaults for TS1/cmr/m/n on input line 19.
LaTeX Font Info:    ... okay on input line 19.
LaTeX Font Info:    Checking defaults for OMX/cmex/m/n on input line 19.
LaTeX Font Info:    ... okay on input line 19.
LaTeX Font Info:    Checking defaults for U/cmr/m/n on input line 19.
LaTeX Font Info:    ... okay on input line 19.

-- Lines per column: 56 (exact).
(C:\Program Files\MiKTeX\tex/context/base/mkii\supp-pdf.mkii
[Loading MPS to PDF converter (version 2006.09.02).]
\scratchcounter=\count294
\scratchdimen=\dimen275
\scratchbox=\box62
\nofMPsegments=\count295
\nofMParguments=\count296
\everyMPshowfont=\toks33
\MPscratchCnt=\count297
\MPscratchDim=\dimen276
\MPnumerator=\count298
\makeMPintoPDFobject=\count299
\everyMPtoPDFconversion=\toks34
) (C:\Program Files\MiKTeX\tex/latex/epstopdf-pkg\epstopdf-base.sty
Package: epstopdf-base 2020-01-24 v2.11 Base part for package epstopdf
Package epstopdf-base Info: Redefining graphics rule for `.eps' on input line 485.
 (C:\Program Files\MiKTeX\tex/latex/00miktex\epstopdf-sys.cfg
File: epstopdf-sys.cfg 2021/03/18 v2.0 Configuration of epstopdf for MiKTeX
))
Package caption Info: Begin \AtBeginDocument code.
Package caption Info: End \AtBeginDocument code.


LaTeX Warning: Citation `ndd' on page 1 undefined on input line 48.


LaTeX Warning: Citation `liao' on page 1 undefined on input line 48.


Underfull \hbox (badness 1515) in paragraph at lines 66--67
[]\OT1/ptm/m/n/10 Hutan acak (\OT1/ptm/m/it/10 Ran-dom For-est\OT1/ptm/m/n/10 ) adalah kumpu-lan po-hon
 []


LaTeX Warning: Citation `farnaaz2016random' on page 1 undefined on input line 68.

LaTeX Font Info:    Trying to load font information for U+msa on input line 82.
(C:\Program Files\MiKTeX\tex/latex/amsfonts\umsa.fd
File: umsa.fd 2013/01/14 v3.01 AMS symbols A
)
LaTeX Font Info:    Trying to load font information for U+msb on input line 82.
 (C:\Program Files\MiKTeX\tex/latex/amsfonts\umsb.fd
File: umsb.fd 2013/01/14 v3.01 AMS symbols B
)

LaTeX Warning: Citation `nurhadi2017aplikasi' on page 1 undefined on input line 83.


Underfull \hbox (badness 10000) in paragraph at lines 90--96

 []


Underfull \hbox (badness 10000) in paragraph at lines 103--104

 []


Underfull \hbox (badness 2460) in paragraph at lines 105--107
\OT1/ptm/m/n/10 perbe-daan kuadrat den-gan men-jum-lahkan perbe-daan
 []


Underfull \hbox (badness 10000) in paragraph at lines 105--107

 []

[1{C:/Users/erwin/AppData/Local/MiKTeX/pdftex/config/pdftex.map}


]

LaTeX Warning: Citation `hasan' on page 2 undefined on input line 122.


Underfull \hbox (badness 3557) in paragraph at lines 141--143
[]\OT1/ptm/m/n/10 Fungsi ker-nel dan pa-ram-e-ternya harus dip-ilih un-tuk
 []


Underfull \hbox (badness 10000) in paragraph at lines 141--143

 []


Underfull \hbox (badness 1990) in paragraph at lines 146--147
\OT1/ptm/m/n/10 den-gan yang di-hara-p-kan. Taha-pan peneli-tian yang akan
 []


Underfull \hbox (badness 10000) in paragraph at lines 146--147

 []

<Gambar/Metodologi_Diagram.png, id=19, 181.67876pt x 402.50375pt>
File: Gambar/Metodologi_Diagram.png Graphic file (type png)
<use Gambar/Metodologi_Diagram.png>
Package pdftex.def Info: Gambar/Metodologi_Diagram.png  used on input line 149.
(pdftex.def)             Requested size: 99.58464pt x 220.62845pt.

Overfull \hbox (10.0pt too wide) in paragraph at lines 148--153
[]$[]$ 
 []


Underfull \hbox (badness 10000) in paragraph at lines 184--185

 []

<Gambar/Gbr01.jpg, id=21, 290.7663pt x 90.0966pt>
File: Gambar/Gbr01.jpg Graphic file (type jpg)
<use Gambar/Gbr01.jpg>
Package pdftex.def Info: Gambar/Gbr01.jpg  used on input line 187.
(pdftex.def)             Requested size: 227.62204pt x 70.53351pt.

Overfull \hbox (10.0pt too wide) in paragraph at lines 186--191
[]$[]$ 
 []


Underfull \hbox (badness 1960) in paragraph at lines 192--193
\OT1/ptm/m/n/10 Encoding un-tuk men-gonversi se-mua prop-erti kat-e-gorikal
 []


Underfull \hbox (badness 10000) in paragraph at lines 192--193

 []

<Gambar/Gbr02.jpg, id=22, 304.0158pt x 191.9973pt>
File: Gambar/Gbr02.jpg Graphic file (type jpg)
<use Gambar/Gbr02.jpg>
Package pdftex.def Info: Gambar/Gbr02.jpg  used on input line 195.
(pdftex.def)             Requested size: 227.62204pt x 143.75737pt.

Overfull \hbox (10.0pt too wide) in paragraph at lines 194--199
[]$[]$ 
 []


Underfull \vbox (badness 8038) has occurred while \output is active []

 [2 <./Gambar/Metodologi_Diagram.png> <./Gambar/Gbr01.jpg>]
<Gambar/Gbr03.jpg, id=27, 299.1978pt x 177.0615pt>
File: Gambar/Gbr03.jpg Graphic file (type jpg)
<use Gambar/Gbr03.jpg>
Package pdftex.def Info: Gambar/Gbr03.jpg  used on input line 201.
(pdftex.def)             Requested size: 227.62204pt x 134.7059pt.

Overfull \hbox (10.0pt too wide) in paragraph at lines 200--205
[]$[]$ 
 []

<Gambar/Gbr04.jpg, id=28, 452.892pt x 186.2157pt>
File: Gambar/Gbr04.jpg Graphic file (type jpg)
<use Gambar/Gbr04.jpg>
Package pdftex.def Info: Gambar/Gbr04.jpg  used on input line 207.
(pdftex.def)             Requested size: 227.62204pt x 93.59065pt.

Overfull \hbox (10.0pt too wide) in paragraph at lines 206--211
[]$[]$ 
 []


Underfull \hbox (badness 10000) in paragraph at lines 206--211

 []


Underfull \hbox (badness 10000) in paragraph at lines 212--213

 []

<Gambar/Gbr05.jpg, id=29, 302.3295pt x 227.1687pt>
File: Gambar/Gbr05.jpg Graphic file (type jpg)
<use Gambar/Gbr05.jpg>
Package pdftex.def Info: Gambar/Gbr05.jpg  used on input line 215.
(pdftex.def)             Requested size: 227.62204pt x 171.03123pt.

Overfull \hbox (10.0pt too wide) in paragraph at lines 214--219
[]$[]$ 
 []


Underfull \hbox (badness 10000) in paragraph at lines 214--219

 []


Underfull \hbox (badness 10000) in paragraph at lines 220--221

 []

<Gambar/Gbr06.jpg, id=30, 310.0383pt x 201.8742pt>
File: Gambar/Gbr06.jpg Graphic file (type jpg)
<use Gambar/Gbr06.jpg>
Package pdftex.def Info: Gambar/Gbr06.jpg  used on input line 223.
(pdftex.def)             Requested size: 227.62204pt x 148.21095pt.

Overfull \hbox (10.0pt too wide) in paragraph at lines 222--227
[]$[]$ 
 []


Underfull \hbox (badness 10000) in paragraph at lines 222--227

 []


Underfull \hbox (badness 10000) in paragraph at lines 228--229

 []

<Gambar/Gbr07.jpg, id=31, 445.4241pt x 162.6075pt>
File: Gambar/Gbr07.jpg Graphic file (type jpg)
<use Gambar/Gbr07.jpg>
Package pdftex.def Info: Gambar/Gbr07.jpg  used on input line 231.
(pdftex.def)             Requested size: 227.62204pt x 83.09496pt.

Overfull \hbox (10.0pt too wide) in paragraph at lines 230--235
[]$[]$ 
 []


Underfull \hbox (badness 10000) in paragraph at lines 230--235

 []


Underfull \hbox (badness 2221) in paragraph at lines 236--237
[]\OT1/ptm/m/n/10 Tahap se-lan-jut-nya melakukan pen-skalaan fi-tur den-gan
 []


Underfull \hbox (badness 10000) in paragraph at lines 236--237

 []

<Gambar/Gbr08.jpg, id=32, 293.898pt x 221.628pt>
File: Gambar/Gbr08.jpg Graphic file (type jpg)
<use Gambar/Gbr08.jpg>
Package pdftex.def Info: Gambar/Gbr08.jpg  used on input line 239.
(pdftex.def)             Requested size: 227.62204pt x 171.6517pt.

Overfull \hbox (10.0pt too wide) in paragraph at lines 238--243
[]$[]$ 
 []


Underfull \hbox (badness 10000) in paragraph at lines 238--243

 []


Underfull \hbox (badness 10000) in paragraph at lines 244--245

 []

<Gambar/Gbr09.jpg, id=33, 289.3209pt x 243.5499pt>
File: Gambar/Gbr09.jpg Graphic file (type jpg)
<use Gambar/Gbr09.jpg>
Package pdftex.def Info: Gambar/Gbr09.jpg  used on input line 247.
(pdftex.def)             Requested size: 227.62204pt x 191.61446pt.

Overfull \hbox (10.0pt too wide) in paragraph at lines 246--251
[]$[]$ 
 []


Underfull \hbox (badness 10000) in paragraph at lines 246--251

 []


Underfull \vbox (badness 10000) has occurred while \output is active []

 [3 <./Gambar/Gbr02.jpg> <./Gambar/Gbr03.jpg> <./Gambar/Gbr04.jpg> <./Gambar/Gbr05.jpg> <./Gambar/Gbr06.jpg> <./Gambar/Gbr07.jpg> <./Gambar/Gbr08.jpg>]
Underfull \hbox (badness 10000) in paragraph at lines 252--253

 []

<Gambar/Gbr10.jpg, id=37, 444.9423pt x 162.3666pt>
File: Gambar/Gbr10.jpg Graphic file (type jpg)
<use Gambar/Gbr10.jpg>
Package pdftex.def Info: Gambar/Gbr10.jpg  used on input line 255.
(pdftex.def)             Requested size: 227.62204pt x 83.06352pt.

Overfull \hbox (10.0pt too wide) in paragraph at lines 254--259
[]$[]$ 
 []


Underfull \hbox (badness 10000) in paragraph at lines 254--259

 []


Underfull \hbox (badness 4531) in paragraph at lines 260--261
\OT1/ptm/m/it/10 Ran-dom For-est\OT1/ptm/m/n/10 . Model pengk-lasi-fikasi dis-im-pan dalam
 []


Underfull \hbox (badness 10000) in paragraph at lines 260--261

 []

<Gambar/Gbr11.jpg, id=38, 302.5704pt x 178.5069pt>
File: Gambar/Gbr11.jpg Graphic file (type jpg)
<use Gambar/Gbr11.jpg>
Package pdftex.def Info: Gambar/Gbr11.jpg  used on input line 263.
(pdftex.def)             Requested size: 227.62204pt x 134.2911pt.

Overfull \hbox (10.0pt too wide) in paragraph at lines 262--267
[]$[]$ 
 []


Underfull \hbox (badness 10000) in paragraph at lines 262--267

 []


Underfull \hbox (badness 10000) in paragraph at lines 268--270

 []

<Gambar/Gbr12.jpg, id=39, 304.2567pt x 132.495pt>
File: Gambar/Gbr12.jpg Graphic file (type jpg)
<use Gambar/Gbr12.jpg>
Package pdftex.def Info: Gambar/Gbr12.jpg  used on input line 272.
(pdftex.def)             Requested size: 227.62204pt x 99.12434pt.

Overfull \hbox (10.0pt too wide) in paragraph at lines 271--276
[]$[]$ 
 []


Underfull \hbox (badness 10000) in paragraph at lines 271--276

 []


Underfull \vbox (badness 10000) has occurred while \output is active []


Underfull \hbox (badness 10000) in paragraph at lines 277--278

 []

<Gambar/Gbr13.jpg, id=40, 304.2567pt x 119.2455pt>
File: Gambar/Gbr13.jpg Graphic file (type jpg)
<use Gambar/Gbr13.jpg>
Package pdftex.def Info: Gambar/Gbr13.jpg  used on input line 280.
(pdftex.def)             Requested size: 227.62204pt x 89.2119pt.

Overfull \hbox (10.0pt too wide) in paragraph at lines 279--284
[]$[]$ 
 []


Underfull \hbox (badness 10000) in paragraph at lines 279--284

 []


Underfull \hbox (badness 10000) in paragraph at lines 285--286

 []

<Gambar/Gbr14.jpg, id=41, 304.2567pt x 124.7862pt>
File: Gambar/Gbr14.jpg Graphic file (type jpg)
<use Gambar/Gbr14.jpg>
Package pdftex.def Info: Gambar/Gbr14.jpg  used on input line 288.
(pdftex.def)             Requested size: 227.62204pt x 93.3571pt.

Overfull \hbox (10.0pt too wide) in paragraph at lines 287--292
[]$[]$ 
 []


Underfull \hbox (badness 10000) in paragraph at lines 287--292

 []


Underfull \hbox (badness 10000) in paragraph at lines 293--294

 []

<Gambar/Gbr15.jpg, id=42, 304.2567pt x 118.5228pt>
File: Gambar/Gbr15.jpg Graphic file (type jpg)
<use Gambar/Gbr15.jpg>
Package pdftex.def Info: Gambar/Gbr15.jpg  used on input line 296.
(pdftex.def)             Requested size: 227.62204pt x 88.67122pt.

Overfull \hbox (10.0pt too wide) in paragraph at lines 295--300
[]$[]$ 
 []


Underfull \hbox (badness 10000) in paragraph at lines 295--300

 []


Underfull \hbox (badness 10000) in paragraph at lines 301--303

 []

<Gambar/Gbr16.jpg, id=43, 304.2567pt x 119.4864pt>
File: Gambar/Gbr16.jpg Graphic file (type jpg)
<use Gambar/Gbr16.jpg>
Package pdftex.def Info: Gambar/Gbr16.jpg  used on input line 305.
(pdftex.def)             Requested size: 227.62204pt x 89.39214pt.

Overfull \hbox (10.0pt too wide) in paragraph at lines 304--309
[]$[]$ 
 []


Underfull \hbox (badness 10000) in paragraph at lines 304--309

 []


Underfull \hbox (badness 10000) in paragraph at lines 310--311

 []

[4 <./Gambar/Gbr09.jpg> <./Gambar/Gbr10.jpg> <./Gambar/Gbr11.jpg> <./Gambar/Gbr12.jpg> <./Gambar/Gbr13.jpg> <./Gambar/Gbr14.jpg> <./Gambar/Gbr15.jpg> <./Gambar/Gbr16.jpg>]
<Gambar/Gbr17.jpg, id=47, 304.2567pt x 122.6181pt>
File: Gambar/Gbr17.jpg Graphic file (type jpg)
<use Gambar/Gbr17.jpg>
Package pdftex.def Info: Gambar/Gbr17.jpg  used on input line 313.
(pdftex.def)             Requested size: 227.62204pt x 91.73506pt.

Overfull \hbox (10.0pt too wide) in paragraph at lines 312--317
[]$[]$ 
 []


Underfull \hbox (badness 10000) in paragraph at lines 312--317

 []


Underfull \hbox (badness 10000) in paragraph at lines 318--319

 []

<Gambar/Gbr18.jpg, id=48, 304.2567pt x 114.9093pt>
File: Gambar/Gbr18.jpg Graphic file (type jpg)
<use Gambar/Gbr18.jpg>
Package pdftex.def Info: Gambar/Gbr18.jpg  used on input line 321.
(pdftex.def)             Requested size: 227.62204pt x 85.96783pt.

Overfull \hbox (10.0pt too wide) in paragraph at lines 320--325
[]$[]$ 
 []


Underfull \hbox (badness 10000) in paragraph at lines 320--325

 []


Underfull \hbox (badness 10000) in paragraph at lines 326--327

 []

<Gambar/Gbr19.jpg, id=49, 304.2567pt x 116.3547pt>
File: Gambar/Gbr19.jpg Graphic file (type jpg)
<use Gambar/Gbr19.jpg>
Package pdftex.def Info: Gambar/Gbr19.jpg  used on input line 329.
(pdftex.def)             Requested size: 227.62204pt x 87.04921pt.

Overfull \hbox (10.0pt too wide) in paragraph at lines 328--333
[]$[]$ 
 []


Underfull \hbox (badness 10000) in paragraph at lines 328--333

 []


Underfull \hbox (badness 10000) in paragraph at lines 334--335

 []

<Gambar/Gbr20.jpg, id=50, 304.2567pt x 128.3997pt>
File: Gambar/Gbr20.jpg Graphic file (type jpg)
<use Gambar/Gbr20.jpg>
Package pdftex.def Info: Gambar/Gbr20.jpg  used on input line 337.
(pdftex.def)             Requested size: 227.62204pt x 96.0605pt.

Overfull \hbox (10.0pt too wide) in paragraph at lines 336--341
[]$[]$ 
 []


Underfull \hbox (badness 10000) in paragraph at lines 336--341

 []


Underfull \hbox (badness 10000) in paragraph at lines 342--344

 []

<Gambar/Gbr21.jpg, id=51, 304.2567pt x 129.3633pt>
File: Gambar/Gbr21.jpg Graphic file (type jpg)
<use Gambar/Gbr21.jpg>
Package pdftex.def Info: Gambar/Gbr21.jpg  used on input line 346.
(pdftex.def)             Requested size: 227.62204pt x 96.78139pt.

Overfull \hbox (10.0pt too wide) in paragraph at lines 345--350
[]$[]$ 
 []


Underfull \hbox (badness 10000) in paragraph at lines 345--350

 []


Underfull \vbox (badness 10000) has occurred while \output is active []


Underfull \hbox (badness 10000) in paragraph at lines 351--352

 []

<Gambar/Gbr22.jpg, id=52, 295.1025pt x 106.4778pt>
File: Gambar/Gbr22.jpg Graphic file (type jpg)
<use Gambar/Gbr22.jpg>
Package pdftex.def Info: Gambar/Gbr22.jpg  used on input line 354.
(pdftex.def)             Requested size: 227.62204pt x 82.13112pt.

Overfull \hbox (10.0pt too wide) in paragraph at lines 353--358
[]$[]$ 
 []


Underfull \hbox (badness 10000) in paragraph at lines 353--358

 []


Underfull \hbox (badness 10000) in paragraph at lines 359--360

 []

<Gambar/Gbr23.jpg, id=53, 295.1025pt x 103.587pt>
File: Gambar/Gbr23.jpg Graphic file (type jpg)
<use Gambar/Gbr23.jpg>
Package pdftex.def Info: Gambar/Gbr23.jpg  used on input line 362.
(pdftex.def)             Requested size: 227.62204pt x 79.90132pt.

Overfull \hbox (10.0pt too wide) in paragraph at lines 361--366
[]$[]$ 
 []


Underfull \hbox (badness 10000) in paragraph at lines 361--366

 []


Underfull \hbox (badness 10000) in paragraph at lines 367--368

 []

<Gambar/Gbr24.jpg, id=54, 295.1025pt x 115.1502pt>
File: Gambar/Gbr24.jpg Graphic file (type jpg)
<use Gambar/Gbr24.jpg>
Package pdftex.def Info: Gambar/Gbr24.jpg  used on input line 370.
(pdftex.def)             Requested size: 227.62204pt x 88.82054pt.

Overfull \hbox (10.0pt too wide) in paragraph at lines 369--374
[]$[]$ 
 []


Underfull \hbox (badness 10000) in paragraph at lines 369--374

 []


Underfull \hbox (badness 10000) in paragraph at lines 375--376

 []

<Gambar/Gbr25.jpg, id=55, 296.5479pt x 156.585pt>
File: Gambar/Gbr25.jpg Graphic file (type jpg)
<use Gambar/Gbr25.jpg>
Package pdftex.def Info: Gambar/Gbr25.jpg  used on input line 378.
(pdftex.def)             Requested size: 227.62204pt x 120.18852pt.

Overfull \hbox (10.0pt too wide) in paragraph at lines 377--382
[]$[]$ 
 []


Underfull \hbox (badness 10000) in paragraph at lines 377--382

 []

[5 <./Gambar/Gbr17.jpg> <./Gambar/Gbr18.jpg> <./Gambar/Gbr19.jpg> <./Gambar/Gbr20.jpg> <./Gambar/Gbr21.jpg> <./Gambar/Gbr22.jpg> <./Gambar/Gbr23.jpg> <./Gambar/Gbr24.jpg> <./Gambar/Gbr25.jpg>]
Underfull \hbox (badness 10000) in paragraph at lines 383--385

 []

<Gambar/Gbr26.jpg, id=59, 310.761pt x 125.9907pt>
File: Gambar/Gbr26.jpg Graphic file (type jpg)
<use Gambar/Gbr26.jpg>
Package pdftex.def Info: Gambar/Gbr26.jpg  used on input line 387.
(pdftex.def)             Requested size: 227.62204pt x 92.2858pt.

Overfull \hbox (10.0pt too wide) in paragraph at lines 386--391
[]$[]$ 
 []


Underfull \hbox (badness 10000) in paragraph at lines 386--391

 []


Underfull \hbox (badness 10000) in paragraph at lines 392--393

 []

<Gambar/Gbr27.jpg, id=60, 310.761pt x 114.9093pt>
File: Gambar/Gbr27.jpg Graphic file (type jpg)
<use Gambar/Gbr27.jpg>
Package pdftex.def Info: Gambar/Gbr27.jpg  used on input line 395.
(pdftex.def)             Requested size: 227.62204pt x 84.16888pt.

Overfull \hbox (10.0pt too wide) in paragraph at lines 394--399
[]$[]$ 
 []


Underfull \hbox (badness 10000) in paragraph at lines 394--399

 []


Underfull \hbox (badness 10000) in paragraph at lines 400--401

 []

<Gambar/Gbr28.jpg, id=61, 307.6293pt x 116.8365pt>
File: Gambar/Gbr28.jpg Graphic file (type jpg)
<use Gambar/Gbr28.jpg>
Package pdftex.def Info: Gambar/Gbr28.jpg  used on input line 403.
(pdftex.def)             Requested size: 227.62204pt x 86.45052pt.

Overfull \hbox (10.0pt too wide) in paragraph at lines 402--407
[]$[]$ 
 []


Underfull \hbox (badness 10000) in paragraph at lines 402--407

 []


Underfull \hbox (badness 10000) in paragraph at lines 408--409

 []

<Gambar/Gbr29.jpg, id=62, 307.6293pt x 119.2455pt>
File: Gambar/Gbr29.jpg Graphic file (type jpg)
<use Gambar/Gbr29.jpg>
Package pdftex.def Info: Gambar/Gbr29.jpg  used on input line 411.
(pdftex.def)             Requested size: 227.62204pt x 88.23299pt.

Overfull \hbox (10.0pt too wide) in paragraph at lines 410--415
[]$[]$ 
 []


Underfull \hbox (badness 10000) in paragraph at lines 410--415

 []


Underfull \hbox (badness 10000) in paragraph at lines 416--417
\OT1/ptm/m/it/10 Learn-ing \OT1/ptm/m/n/10 meng-gu-nakan al-go-ritma \OT1/ptm/m/it/10 Ran-dom For-est\OT1/ptm/m/n/10 , \OT1/ptm/m/it/10 K-
 []


Underfull \hbox (badness 10000) in paragraph at lines 416--417

 []

<Gambar/Gbr30.jpg, id=63, 307.8702pt x 119.4864pt>
File: Gambar/Gbr30.jpg Graphic file (type jpg)
<use Gambar/Gbr30.jpg>
Package pdftex.def Info: Gambar/Gbr30.jpg  used on input line 419.
(pdftex.def)             Requested size: 227.62204pt x 88.34378pt.

Overfull \hbox (10.0pt too wide) in paragraph at lines 418--423
[]$[]$ 
 []


Underfull \hbox (badness 10000) in paragraph at lines 418--423

 []


Underfull \vbox (badness 10000) has occurred while \output is active []


Underfull \hbox (badness 10000) in paragraph at lines 424--426

 []

<Gambar/Gbr31.jpg, id=64, 303.534pt x 129.1224pt>
File: Gambar/Gbr31.jpg Graphic file (type jpg)
<use Gambar/Gbr31.jpg>
Package pdftex.def Info: Gambar/Gbr31.jpg  used on input line 428.
(pdftex.def)             Requested size: 227.62204pt x 96.82974pt.

Overfull \hbox (10.0pt too wide) in paragraph at lines 427--432
[]$[]$ 
 []


Underfull \hbox (badness 10000) in paragraph at lines 427--432

 []


Underfull \hbox (badness 10000) in paragraph at lines 433--434

 []

<Gambar/Gbr32.jpg, id=65, 292.9344pt x 106.7187pt>
File: Gambar/Gbr32.jpg Graphic file (type jpg)
<use Gambar/Gbr32.jpg>
Package pdftex.def Info: Gambar/Gbr32.jpg  used on input line 436.
(pdftex.def)             Requested size: 227.62204pt x 82.92758pt.

Overfull \hbox (10.0pt too wide) in paragraph at lines 435--440
[]$[]$ 
 []


Underfull \hbox (badness 10000) in paragraph at lines 435--440

 []


Underfull \hbox (badness 10000) in paragraph at lines 441--442

 []

<Gambar/Gbr33.jpg, id=66, 307.1475pt x 117.3183pt>
File: Gambar/Gbr33.jpg Graphic file (type jpg)
<use Gambar/Gbr33.jpg>
Package pdftex.def Info: Gambar/Gbr33.jpg  used on input line 444.
(pdftex.def)             Requested size: 227.62204pt x 86.94307pt.

Overfull \hbox (10.0pt too wide) in paragraph at lines 443--448
[]$[]$ 
 []


Underfull \hbox (badness 10000) in paragraph at lines 443--448

 []


Underfull \hbox (badness 10000) in paragraph at lines 449--450

 []

<Gambar/Gbr34.jpg, id=67, 307.1475pt x 117.3183pt>
File: Gambar/Gbr34.jpg Graphic file (type jpg)
<use Gambar/Gbr34.jpg>
Package pdftex.def Info: Gambar/Gbr34.jpg  used on input line 452.
(pdftex.def)             Requested size: 227.62204pt x 86.94307pt.

Overfull \hbox (10.0pt too wide) in paragraph at lines 451--456
[]$[]$ 
 []


Underfull \hbox (badness 10000) in paragraph at lines 451--456

 []


Underfull \hbox (badness 1648) in paragraph at lines 459--460
\OT1/ptm/m/n/10 Pengujian meng-gu-nakan al-go-ritma \OT1/ptm/m/it/10 Ran-dom For-est \OT1/ptm/m/n/10 un-tuk
 []


Underfull \hbox (badness 10000) in paragraph at lines 459--460

 []

[6 <./Gambar/Gbr26.jpg> <./Gambar/Gbr27.jpg> <./Gambar/Gbr28.jpg> <./Gambar/Gbr29.jpg> <./Gambar/Gbr30.jpg> <./Gambar/Gbr31.jpg> <./Gambar/Gbr32.jpg> <./Gambar/Gbr33.jpg> <./Gambar/Gbr34.jpg>]
Overfull \hbox (10.0pt too wide) in paragraph at lines 461--480
[]$[]$ 
 []


Underfull \hbox (badness 10000) in paragraph at lines 461--480

 []


Underfull \hbox (badness 10000) in paragraph at lines 461--480

 []


Underfull \hbox (badness 10000) in paragraph at lines 481--482

 []


Overfull \hbox (10.0pt too wide) in paragraph at lines 483--502
[]$[]$ 
 []


Underfull \hbox (badness 10000) in paragraph at lines 483--502

 []


Underfull \hbox (badness 10000) in paragraph at lines 483--502

 []


Underfull \hbox (badness 10000) in paragraph at lines 503--504

 []


Overfull \hbox (10.0pt too wide) in paragraph at lines 505--524
[]$[]$ 
 []


Underfull \hbox (badness 10000) in paragraph at lines 505--524

 []


Underfull \hbox (badness 10000) in paragraph at lines 505--524

 []


Overfull \hbox (10.0pt too wide) in paragraph at lines 527--546
[]$[]$ 
 []


Underfull \hbox (badness 10000) in paragraph at lines 527--546

 []


Underfull \hbox (badness 10000) in paragraph at lines 527--546

 []


Underfull \hbox (badness 10000) in paragraph at lines 547--548

 []


Overfull \hbox (10.0pt too wide) in paragraph at lines 549--568
[]$[]$ 
 []


Underfull \hbox (badness 10000) in paragraph at lines 549--568

 []


Underfull \vbox (badness 2556) has occurred while \output is active []


No file "Tugas 6".bbl.

** Conference Paper **
Before submitting the final camera ready copy, remember to:

 1. Manually equalize the lengths of two columns on the last page
 of your paper;

 2. Ensure that any PostScript and/or PDF output post-processing
 uses only Type 1 fonts and that every step in the generation
 process uses the appropriate paper size.

[7] (Tugas 6.aux)

LaTeX Warning: There were undefined references.


LaTeX Warning: Label(s) may have changed. Rerun to get cross-references right.

 ) 
Here is how much of TeX's memory you used:
 12870 strings out of 478864
 243017 string characters out of 2858518
 541322 words of memory out of 3000000
 30555 multiletter control sequences out of 15000+600000
 435603 words of font info for 84 fonts, out of 8000000 for 9000
 1141 hyphenation exceptions out of 8191
 69i,9n,69p,639b,282s stack positions out of 5000i,500n,10000p,200000b,80000s
{C:/Program Files/MiKTeX/fonts/enc/dvips/base/8r.enc}<C:/Program Files/MiKTeX/fonts/type1/public/amsfonts/cm/cmex10.pfb><C:/Program Files/MiKTeX/fonts/type1/public/amsfonts/cm/cmmi10.pfb><C:/Program Files/MiKTeX/fonts/type1/public/amsfonts/cm/cmmi7.pfb><C:/Program Files/MiKTeX/fonts/type1/public/amsfonts/cm/cmr10.pfb><C:/Program Files/MiKTeX/fonts/type1/public/amsfonts/cm/cmr7.pfb><C:/Program Files/MiKTeX/fonts/type1/public/amsfonts/cm/cmsy10.pfb><C:/Program Files/MiKTeX/fonts/type1/public/amsfonts/cm/cmsy7.pfb><C:/Program Files/MiKTeX/fonts/type1/urw/times/utmb8a.pfb><C:/Program Files/MiKTeX/fonts/type1/urw/times/utmbi8a.pfb><C:/Program Files/MiKTeX/fonts/type1/urw/times/utmr8a.pfb><C:/Program Files/MiKTeX/fonts/type1/urw/times/utmri8a.pfb>
Output written on "Tugas 6.pdf" (7 pages, 10915963 bytes).
PDF statistics:
 122 PDF objects out of 1000 (max. 8388607)
 0 named destinations out of 1000 (max. 500000)
 188 words of extra memory for PDF output out of 10000 (max. 10000000)

